<?xml version="1.0" encoding="UTF-8"?>
<!-- Generated by org.testng.reporters.JUnitReportReporter -->
<testsuite hostname="DESKTOP-6HACDE0" failures="0" tests="6" name="com.rada.smoke.SmokeTests" time="14.044" errors="0" timestamp="2025-09-10T11:04:27 CEST" skipped="0">
  <testcase classname="com.rada.smoke.SmokeTests" name="accountEndpointHealthCheck" time="6.998"/>
  <testcase classname="com.rada.smoke.SmokeTests" name="expensesShouldRequireAuth" time="0.832"/>
  <testcase classname="com.rada.smoke.SmokeTests" name="homePageShouldBeAvailable" time="0.354"/>
  <testcase classname="com.rada.smoke.SmokeTests" name="createExpenseSmoke" time="4.372"/>
  <testcase classname="com.rada.smoke.SmokeTests" name="loginWithValidCredentialsShouldReturnToken" time="0.750"/>
  <testcase classname="com.rada.smoke.SmokeTests" name="loginEndpointShouldBeAvailable" time="0.738"/>
</testsuite> <!-- com.rada.smoke.SmokeTests -->
