<?xml version="1.0" encoding="UTF-8"?>
<testsuite xmlns:xsi="http://www.w3.org/2001/XMLSchema-instance" xsi:noNamespaceSchemaLocation="https://maven.apache.org/surefire/maven-surefire-plugin/xsd/surefire-test-report-3.0.xsd" version="3.0" name="TestSuite" time="1.793" tests="22" errors="0" skipped="0" failures="0">
  <properties>
    <property name="java.specification.version" value="22"/>
    <property name="sun.cpu.isalist" value="amd64"/>
    <property name="sun.jnu.encoding" value="Cp1251"/>
    <property name="java.class.path" value="C:\Users\alexs\Desktop\PSelsenium\selenium-testng-project\unit-tests\target\test-classes;C:\Users\alexs\Desktop\PSelsenium\selenium-testng-project\unit-tests\target\classes;C:\Users\alexs\.m2\repository\org\testng\testng\7.9.0\testng-7.9.0.jar;C:\Users\alexs\.m2\repository\org\slf4j\slf4j-api\1.7.36\slf4j-api-1.7.36.jar;C:\Users\alexs\.m2\repository\com\beust\jcommander\1.82\jcommander-1.82.jar;C:\Users\alexs\.m2\repository\org\webjars\jquery\3.7.1\jquery-3.7.1.jar;C:\Users\alexs\.m2\repository\junit\junit\3.8.1\junit-3.8.1.jar;"/>
    <property name="java.vm.vendor" value="Oracle Corporation"/>
    <property name="sun.arch.data.model" value="64"/>
    <property name="user.variant" value=""/>
    <property name="java.vendor.url" value="https://java.oracle.com/"/>
    <property name="user.timezone" value="Europe/Warsaw"/>
    <property name="os.name" value="Windows 11"/>
    <property name="java.vm.specification.version" value="22"/>
    <property name="sun.java.launcher" value="SUN_STANDARD"/>
    <property name="user.country" value="US"/>
    <property name="sun.boot.library.path" value="C:\Program Files\Java\jdk-22\bin"/>
    <property name="sun.java.command" value="C:\Users\alexs\AppData\Local\Temp\surefire16665172428721911168\surefirebooter-20250909153347110_3.jar C:\Users\alexs\AppData\Local\Temp\surefire16665172428721911168 2025-09-09T15-33-46_360-jvmRun1 surefire-20250909153347110_1tmp surefire_0-20250909153347110_2tmp"/>
    <property name="jdk.debug" value="release"/>
    <property name="surefire.test.class.path" value="C:\Users\alexs\Desktop\PSelsenium\selenium-testng-project\unit-tests\target\test-classes;C:\Users\alexs\Desktop\PSelsenium\selenium-testng-project\unit-tests\target\classes;C:\Users\alexs\.m2\repository\org\testng\testng\7.9.0\testng-7.9.0.jar;C:\Users\alexs\.m2\repository\org\slf4j\slf4j-api\1.7.36\slf4j-api-1.7.36.jar;C:\Users\alexs\.m2\repository\com\beust\jcommander\1.82\jcommander-1.82.jar;C:\Users\alexs\.m2\repository\org\webjars\jquery\3.7.1\jquery-3.7.1.jar;C:\Users\alexs\.m2\repository\junit\junit\3.8.1\junit-3.8.1.jar;"/>
    <property name="sun.cpu.endian" value="little"/>
    <property name="user.home" value="C:\Users\alexs"/>
    <property name="user.language" value="en"/>
    <property name="java.specification.vendor" value="Oracle Corporation"/>
    <property name="java.version.date" value="2024-07-16"/>
    <property name="java.home" value="C:\Program Files\Java\jdk-22"/>
    <property name="file.separator" value="\"/>
    <property name="basedir" value="C:\Users\alexs\Desktop\PSelsenium\selenium-testng-project\unit-tests"/>
    <property name="java.vm.compressedOopsMode" value="32-bit"/>
    <property name="line.separator" value="&#10;"/>
    <property name="java.vm.specification.vendor" value="Oracle Corporation"/>
    <property name="java.specification.name" value="Java Platform API Specification"/>
    <property name="surefire.real.class.path" value="C:\Users\alexs\AppData\Local\Temp\surefire16665172428721911168\surefirebooter-20250909153347110_3.jar"/>
    <property name="user.script" value=""/>
    <property name="sun.management.compiler" value="HotSpot 64-Bit Tiered Compilers"/>
    <property name="java.runtime.version" value="22.0.2+9-70"/>
    <property name="user.name" value="alexs"/>
    <property name="stdout.encoding" value="Cp1251"/>
    <property name="path.separator" value=";"/>
    <property name="os.version" value="10.0"/>
    <property name="java.runtime.name" value="Java(TM) SE Runtime Environment"/>
    <property name="file.encoding" value="UTF-8"/>
    <property name="java.vm.name" value="Java HotSpot(TM) 64-Bit Server VM"/>
    <property name="localRepository" value="C:\Users\alexs\.m2\repository"/>
    <property name="java.vendor.url.bug" value="https://bugreport.java.com/bugreport/"/>
    <property name="java.io.tmpdir" value="C:\Users\alexs\AppData\Local\Temp\"/>
    <property name="java.version" value="22.0.2"/>
    <property name="user.dir" value="C:\Users\alexs\Desktop\PSelsenium\selenium-testng-project\unit-tests"/>
    <property name="os.arch" value="amd64"/>
    <property name="java.vm.specification.name" value="Java Virtual Machine Specification"/>
    <property name="sun.os.patch.level" value=""/>
    <property name="native.encoding" value="Cp1251"/>
    <property name="java.library.path" value="C:\Program Files\Java\jdk-22\bin;C:\WINDOWS\Sun\Java\bin;C:\WINDOWS\system32;C:\WINDOWS;C:\Program Files\Apache\maven\apache-maven-3.x.x\bin;C:\WINDOWS\system32;C:\WINDOWS;C:\WINDOWS\System32\Wbem;C:\WINDOWS\System32\WindowsPowerShell\v1.0\;C:\WINDOWS\System32\OpenSSH\;C:\ProgramData\chocolatey\bin;C:\Program Files\nodejs\;C:\Program Files (x86)\Microsoft SQL Server\160\Tools\Binn\;C:\Program Files\Microsoft SQL Server\160\Tools\Binn\;C:\Program Files\Microsoft SQL Server\Client SDK\ODBC\170\Tools\Binn\;C:\Program Files\Microsoft SQL Server\160\DTS\Binn\;C:\Program Files (x86)\Microsoft SQL Server\160\DTS\Binn\;C:\Program Files\Azure Data Studio\bin;C:\Program Files\Java\jdk-22\bin;C:\Program Files\Git\cmd;C:\Program Files\Java\jdk-22\bin;C:\Program Files\Java\jdk-22\bin;C:\apache-maven-3.8.3\bin;C:\Users\alexs\.sdkman\candidates\java\current\bin;C:\Users\alexs\.sdkman\ui;IDEA%;C:\Users\alexs\AppData\Local\GitHubDesktop\bin;C:\Users\alexs\AppData\Local\Programs\Microsoft VS Code\bin;C:\Users\alexs\.sdkman\candidates\java\current\bin;C:\Program Files\Apache\maven\apache-maven-3.x.x\bin;C:\Program Files\Apache\maven\apache-maven-3.x.x\bin;C:\WINDOWS\system32;C:\WINDOWS;C:\WINDOWS\System32\Wbem;C:\WINDOWS\System32\WindowsPowerShell\v1.0\;C:\WINDOWS\System32\OpenSSH\;C:\ProgramData\chocolatey\bin;C:\Program Files\nodejs\;C:\Program Files (x86)\Microsoft SQL Server\160\Tools\Binn\;C:\Program Files\Microsoft SQL Server\160\Tools\Binn\;C:\Program Files\Microsoft SQL Server\Client SDK\ODBC\170\Tools\Binn\;C:\Program Files\Microsoft SQL Server\160\DTS\Binn\;C:\Program Files (x86)\Microsoft SQL Server\160\DTS\Binn\;C:\Program Files\Azure Data Studio\bin;C:\Program Files\Java\jdk-22\bin;C:\Program Files\Git\cmd;C:\Program Files\Java\jdk-22\bin;C:\Program Files\Java\jdk-22\bin;C:\apache-maven-3.8.3\bin;C:\Users\alexs\.sdkman\candidates\java\current\bin;C:\Users\alexs\.sdkman\ui;IDEA%;C:\Users\alexs\AppData\Local\GitHubDesktop\bin;C:\Users\alexs\AppData\Local\Programs\Microsoft VS Code\bin;C:\Users\alexs\.sdkman\candidates\java\current\bin;C:\Users\alexs\.dotnet\tools;C:\Program Files\dotnet;C:\Program Files\Microsoft SQL Server\150\Tools\Binn\;C:\Program Files\Go\bin;C:\Program Files\dotnet\;C:\Users\alexs\AppData\Roaming\npm;C:\Users\alexs\AppData\Local\Programs\Microsoft VS Code\bin;C:\Users\alexs\go\bin;C:\Tools\maven\apache-maven-3.9.6\bin;c:\Users\alexs\AppData\Roaming\Code\User\globalStorage\github.copilot-chat\debugCommand;."/>
    <property name="java.vm.info" value="mixed mode, sharing"/>
    <property name="stderr.encoding" value="Cp1251"/>
    <property name="java.vendor" value="Oracle Corporation"/>
    <property name="java.vm.version" value="22.0.2+9-70"/>
    <property name="sun.io.unicode.encoding" value="UnicodeLittle"/>
    <property name="java.class.version" value="66.0"/>
  </properties>
  <testcase name="amountParsingShouldWork" classname="com.bank.unit.UnitTests" time="0.11">
    <system-err><![CDATA[SLF4J: Failed to load class "org.slf4j.impl.StaticLoggerBinder".
SLF4J: Defaulting to no-operation (NOP) logger implementation
SLF4J: See http://www.slf4j.org/codes.html#StaticLoggerBinder for further details.
]]></system-err>
  </testcase>
  <testcase name="capitalizeShouldUppercaseFirstLetter" classname="com.bank.unit.UnitTests" time="0.0"/>
  <testcase name="currencyFormattingShouldProduceTwoDecimals" classname="com.bank.unit.UnitTests" time="0.0"/>
  <testcase name="dateParsingShouldWork" classname="com.bank.unit.UnitTests" time="0.031"/>
  <testcase name="emailValidatorShouldAcceptValidEmail" classname="com.bank.unit.UnitTests" time="0.0"/>
  <testcase name="emailValidatorShouldRejectInvalidEmail" classname="com.bank.unit.UnitTests" time="0.0"/>
  <testcase name="passwordValidatorShouldAcceptLongPasswords" classname="com.bank.unit.UnitTests" time="0.0"/>
  <testcase name="passwordValidatorShouldRejectShortPasswords" classname="com.bank.unit.UnitTests" time="0.0"/>
  <testcase name="productNameValidationShouldWork" classname="com.bank.unit.UnitTests" time="0.0"/>
  <testcase name="roundingShouldRoundHalfUp" classname="com.bank.unit.UnitTests" time="0.0"/>
  <testcase name="shouldReturnCorrectSum" classname="com.bank.unit.UnitTests" time="0.0"/>
  <testcase name="amountParsingShouldWork" classname="UnitTests" time="0.0"/>
  <testcase name="capitalizeShouldUppercaseFirstLetter" classname="UnitTests" time="0.0"/>
  <testcase name="currencyFormattingShouldProduceTwoDecimals" classname="UnitTests" time="0.0"/>
  <testcase name="dateParsingShouldWork" classname="UnitTests" time="0.0"/>
  <testcase name="emailValidatorShouldAcceptValidEmail" classname="UnitTests" time="0.0"/>
  <testcase name="emailValidatorShouldRejectInvalidEmail" classname="UnitTests" time="0.0"/>
  <testcase name="passwordValidatorShouldAcceptLongPasswords" classname="UnitTests" time="0.0"/>
  <testcase name="passwordValidatorShouldRejectShortPasswords" classname="UnitTests" time="0.016"/>
  <testcase name="productNameValidationShouldWork" classname="UnitTests" time="0.0"/>
  <testcase name="roundingShouldRoundHalfUp" classname="UnitTests" time="0.0"/>
  <testcase name="shouldReturnCorrectSum" classname="UnitTests" time="0.0"/>
</testsuite>