<?xml version="1.0" encoding="UTF-8"?>
<!-- Generated by org.testng.reporters.JUnitReportReporter -->
<testsuite hostname="DESKTOP-6HACDE0" failures="0" tests="7" name="com.rada.integration.IntegrationTests" time="33.587" errors="0" timestamp="2025-09-08T16:03:42 CEST" skipped="0">
  <testcase classname="com.rada.integration.IntegrationTests" name="registerDuplicateUserShouldFail" time="1.132"/>
  <testcase classname="com.rada.integration.IntegrationTests" name="authTokenAllowsProtectedRoutes" time="10.423"/>
  <testcase classname="com.rada.integration.IntegrationTests" name="deleteExpenseAndVerifyAbsence" time="3.296"/>
  <testcase classname="com.rada.integration.IntegrationTests" name="cleanupCreatedExpensesShouldWork" time="10.826"/>
  <testcase classname="com.rada.integration.IntegrationTests" name="updateExpenseAndVerifyChange" time="2.884"/>
  <testcase classname="com.rada.integration.IntegrationTests" name="createExpenseWithInvalidDataShouldFail" time="1.800"/>
  <testcase classname="com.rada.integration.IntegrationTests" name="createMultipleExpensesAndVerifyCountIncrement" time="3.226"/>
</testsuite> <!-- com.rada.integration.IntegrationTests -->
