<?xml version="1.0" encoding="UTF-8"?>
<!-- Generated by org.testng.reporters.JUnitReportReporter -->
<testsuite hostname="DESKTOP-6HACDE0" failures="0" tests="1" name="com.bank.ui.LoginUITest" time="27.653" errors="0" timestamp="2025-09-09T16:28:47 CEST" skipped="0">
  <testcase classname="com.bank.ui.LoginUITest" name="loginShouldRedirectToDashboard" time="27.653"/>
</testsuite> <!-- com.bank.ui.LoginUITest -->
