<?xml version="1.0" encoding="UTF-8"?>
<!-- Generated by org.testng.reporters.JUnitReportReporter -->
<testsuite hostname="DESKTOP-6HACDE0" failures="0" tests="4" name="com.bank.ui.UiTests" time="47.097" errors="0" timestamp="2025-09-09T20:19:18 CEST" skipped="0">
  <testcase classname="com.bank.ui.UiTests" name="loginShouldShowErrorForInvalidEmailFormat" time="12.752"/>
  <testcase classname="com.bank.ui.UiTests" name="dashboardShouldNotBeAccessibleWithoutLogin" time="10.147"/>
  <testcase classname="com.bank.ui.UiTests" name="layoutShouldBeResponsive" time="8.957"/>
  <testcase classname="com.bank.ui.UiTests" name="loginShouldFailWithWrongPassword" time="15.241"/>
</testsuite> <!-- com.bank.ui.UiTests -->
