<?xml version="1.0" encoding="UTF-8"?>
<!-- Generated by org.testng.reporters.JUnitReportReporter -->
<testsuite hostname="DESKTOP-6HACDE0" failures="0" tests="11" name="UnitTests" time="0.015" errors="0" timestamp="2025-09-09T15:33:50 CEST" skipped="0">
  <testcase classname="UnitTests" name="emailValidatorShouldRejectInvalidEmail" time="0.000"/>
  <testcase classname="UnitTests" name="emailValidatorShouldAcceptValidEmail" time="0.000"/>
  <testcase classname="UnitTests" name="passwordValidatorShouldRejectShortPasswords" time="0.000"/>
  <testcase classname="UnitTests" name="dateParsingShouldWork" time="0.000"/>
  <testcase classname="UnitTests" name="amountParsingShouldWork" time="0.000"/>
  <testcase classname="UnitTests" name="passwordValidatorShouldAcceptLongPasswords" time="0.000"/>
  <testcase classname="UnitTests" name="capitalizeShouldUppercaseFirstLetter" time="0.000"/>
  <testcase classname="UnitTests" name="productNameValidationShouldWork" time="0.000"/>
  <testcase classname="UnitTests" name="roundingShouldRoundHalfUp" time="0.000"/>
  <testcase classname="UnitTests" name="shouldReturnCorrectSum" time="0.000"/>
  <testcase classname="UnitTests" name="currencyFormattingShouldProduceTwoDecimals" time="0.015"/>
</testsuite> <!-- UnitTests -->
