<?xml version="1.0" encoding="UTF-8"?>
<!-- Generated by org.testng.reporters.JUnitReportReporter -->
<testsuite hostname="DESKTOP-6HACDE0" failures="0" tests="5" name="com.bank.e2e.E2ETests" time="91.824" errors="0" timestamp="2025-09-09T14:17:41 CEST" skipped="0">
  <testcase classname="com.bank.e2e.E2ETests" name="logoutShouldShowLoginForm" time="20.483"/>
  <testcase classname="com.bank.e2e.E2ETests" name="loginShouldSucceed" time="13.077"/>
  <testcase classname="com.bank.e2e.E2ETests" name="pageShouldBeAccessible" time="12.201"/>
  <testcase classname="com.bank.e2e.E2ETests" name="tableShouldBeVisibleAfterLogin" time="25.127"/>
  <testcase classname="com.bank.e2e.E2ETests" name="loginShouldFailWithWrongPassword" time="20.936"/>
</testsuite> <!-- com.bank.e2e.E2ETests -->
