<?xml version="1.0" encoding="UTF-8"?>
<!-- Generated by org.testng.reporters.JUnitReportReporter -->
<testsuite hostname="DESKTOP-6HACDE0" failures="0" tests="1" name="com.bank.api.ClearExpensesHistoryTest" time="5.726" errors="0" timestamp="2025-09-09T15:02:55 CEST" skipped="0">
  <testcase classname="com.bank.api.ClearExpensesHistoryTest" name="clearAllExpensesHistory" time="5.726"/>
</testsuite> <!-- com.bank.api.ClearExpensesHistoryTest -->
