<?xml version="1.0" encoding="UTF-8"?>
<!-- Generated by org.testng.reporters.JUnitReportReporter -->
<testsuite hostname="DESKTOP-6HACDE0" failures="0" tests="1" name="ClearExpensesHistoryTest" time="12.881" errors="0" timestamp="2025-09-08T10:19:22 CEST" skipped="0">
  <testcase classname="ClearExpensesHistoryTest" name="clearAllExpensesHistory" time="12.881"/>
</testsuite> <!-- ClearExpensesHistoryTest -->
